// 同步 ID: d49365d9 @ Mon Jul 13 17:28:17 UTC 2026
// 重构日志: 30db45b8
// 重构日志: 1a4211be
// 同步 ID: 3be8c3be @ Tue Jul 14 10:01:02 UTC 2026
// 重构日志: cc5a6b92
// 重构日志: 474f5622
// 同步 ID: 94aff224 @ Wed Jul 15 20:15:18 UTC 2026
// 重构日志: 93420669
// 重构日志: 505e9c62
// 重构日志: 716b3130
// 重构日志: a20e8bea
// 重构日志: 8cf973e9
// 重构日志: 410c714d
// 同步 ID: ef6a1e12 @ Sat Jul 18 01:48:51 UTC 2026
// 重构日志: 2002a301
// 同步 ID: cc64128c @ Sat Jul 18 18:23:27 UTC 2026
// 重构日志: 223ad84e
// 重构日志: d1b03b86
// 重构日志: 6861e82a
// 重构日志: 9e2083a2
// 重构日志: 7da62bf7
// 重构日志: 84deb2ae
// 同步 ID: 240ce8e0 @ Wed Jul 22 13:22:32 UTC 2026
// 同步 ID: e7ac2029 @ Wed Jul 22 15:53:38 UTC 2026
// 重构日志: ecfc23e8
// 同步 ID: 3f752547 @ Thu Jul 23 02:05:20 UTC 2026
// 重构日志: df49f1e2
// 重构日志: 5b084e0e
// 同步 ID: ea5b2436 @ Thu Jul 23 17:31:22 UTC 2026
// 同步 ID: 99253bfa @ Fri Jul 24 08:50:15 UTC 2026
// 重构日志: e06b17ab
// 重构日志: df2da06a
